org.stjs.generator.writer.declaration
/generator/src/main/java/org/stjs/generator/writer/declaration/AbstractMemberWriter.java
/generator/src/main/java/org/stjs/generator/writer/declaration/ClassWriter.java
/generator/src/main/java/org/stjs/generator/writer/declaration/FieldWriter.java
/generator/src/main/java/org/stjs/generator/writer/declaration/MethodWriter.java
org.stjs.generator.writer.expression
/generator/src/main/java/org/stjs/generator/writer/expression/ArrayAccessWriter.java
/generator/src/main/java/org/stjs/generator/writer/expression/AssignmentWriter.java
/generator/src/main/java/org/stjs/generator/writer/expression/BinaryWriter.java
/generator/src/main/java/org/stjs/generator/writer/expression/CompoundAssignmentWriter.java
/generator/src/main/java/org/stjs/generator/writer/expression/ConditionalWriter.java
/generator/src/main/java/org/stjs/generator/writer/expression/IdentifierWriter.java
/generator/src/main/java/org/stjs/generator/writer/expression/InstanceofWriter.java
/generator/src/main/java/org/stjs/generator/writer/expression/LiteralWriter.java
/generator/src/main/java/org/stjs/generator/writer/expression/MemberSelectWriter.java
/generator/src/main/java/org/stjs/generator/writer/expression/MethodInvocationWriter.java
/generator/src/main/java/org/stjs/generator/writer/expression/NewArrayWriter.java
/generator/src/main/java/org/stjs/generator/writer/expression/NewClassWriter.java
/generator/src/main/java/org/stjs/generator/writer/expression/ParenthesizedWriter.java
/generator/src/main/java/org/stjs/generator/writer/expression/TypeCastWriter.java
/generator/src/main/java/org/stjs/generator/writer/expression/UnaryWriter.java
org.stjs.generator.writer.statement
/generator/src/main/java/org/stjs/generator/writer/statement/AssertWriter.java
/generator/src/main/java/org/stjs/generator/writer/statement/BlockWriter.java
/generator/src/main/java/org/stjs/generator/writer/statement/BreakWriter.java
/generator/src/main/java/org/stjs/generator/writer/statement/CaseWriter.java
/generator/src/main/java/org/stjs/generator/writer/statement/CatchWriter.java
/generator/src/main/java/org/stjs/generator/writer/statement/ContinueWriter.java
/generator/src/main/java/org/stjs/generator/writer/statement/DoWhileLoopWriter.java
/generator/src/main/java/org/stjs/generator/writer/statement/EmptyStatementWriter.java
/generator/src/main/java/org/stjs/generator/writer/statement/EnhancedForLoopWriter.java
/generator/src/main/java/org/stjs/generator/writer/statement/ExpressionStatementWriter.java
/generator/src/main/java/org/stjs/generator/writer/statement/ForLoopWriter.java
/generator/src/main/java/org/stjs/generator/writer/statement/IfWriter.java
/generator/src/main/java/org/stjs/generator/writer/statement/LabeledStatementWriter.java
/generator/src/main/java/org/stjs/generator/writer/statement/MultipleVariableWriter.java
/generator/src/main/java/org/stjs/generator/writer/statement/ReturnWriter.java
/generator/src/main/java/org/stjs/generator/writer/statement/SwitchWriter.java
/generator/src/main/java/org/stjs/generator/writer/statement/SynchronizedWriter.java
/generator/src/main/java/org/stjs/generator/writer/statement/ThrowWriter.java
/generator/src/main/java/org/stjs/generator/writer/statement/TryWriter.java
/generator/src/main/java/org/stjs/generator/writer/statement/VariableWriter.java
/generator/src/main/java/org/stjs/generator/writer/statement/WhileLoopWriter.java


















